<?xml version="1.0" encoding="UTF-8"?>
<!-- Generated by org.testng.reporters.JUnitXMLReporter -->
<testsuite hostname="DESKTOP-JJIE42H" ignored="0" name="Default test" tests="5" failures="0" timestamp="2021-12-28T22:23:17 IST" time="217.99" errors="0">
  <testcase name="launch" time="16.44" classname="com.testng_features.Report"/>
  <testcase name="sign_in" time="87.933" classname="com.testng_features.Report"/>
  <testcase name="T_shirts" time="44.402" classname="com.testng_features.Report"/>
  <testcase name="womens_dress" time="35.61" classname="com.testng_features.Report"/>
  <testcase name="sign_out" time="33.501" classname="com.testng_features.Report"/>
</testsuite> <!-- Default test -->
