<?xml version="1.0" encoding="UTF-8"?>
<!-- Generated by org.testng.reporters.JUnitXMLReporter -->
<testsuite hostname="DESKTOP-JJIE42H" ignored="3" name="Test" tests="2" failures="0" timestamp="2021-12-28T02:07:41 EST" time="0.078" errors="0">
  <testcase name="spotify" time="0.017" classname="com.testng_features.Grouping_Features"/>
  <testcase name="wynkMusic" time="0.001" classname="com.testng_features.Grouping_Features"/>
  <testcase name="apple" time="0.0" classname="com.testng_features.Grouping_Features">
    <ignored/>
  </testcase> <!-- apple -->
  <testcase name="books" time="0.0" classname="com.testng_features.Grouping_Features">
    <ignored/>
  </testcase> <!-- books -->
  <testcase name="samsung" time="0.0" classname="com.testng_features.Grouping_Features">
    <ignored/>
  </testcase> <!-- samsung -->
</testsuite> <!-- Test -->
